I'm sorry, but an uncaught exception occurred.

While running game code:
  File "game/day2.rpy", line 14, in script
    e "Главный герой приходит в школу."
Exception: Sayer 'e' is not defined.

-- Full Traceback ------------------------------------------------------------

Full traceback:
  File "game/day2.rpy", line 14, in script
    e "Главный герой приходит в школу."
  File "C:\Users\tsydy\Desktop\renpy-8.0.3-sdk\renpy\ast.py", line 881, in execute
    who = eval_who(self.who, self.who_fast)
  File "C:\Users\tsydy\Desktop\renpy-8.0.3-sdk\renpy\ast.py", line 774, in eval_who
    raise Exception("Sayer '%s' is not defined." % who)
Exception: Sayer 'e' is not defined.

Windows-10-10.0.19044 AMD64
Ren'Py 8.0.3.22090602
novel 1.0
Thu Sep  8 16:21:20 2022
